c:\users\thoma\documents\github\thomasthegameengine\thomasthegameengine\thomasthegameengine\debug\vc143.pdb
c:\users\thoma\documents\github\thomasthegameengine\thomasthegameengine\thomasthegameengine\debug\vc143.idb
c:\users\thoma\documents\github\thomasthegameengine\thomasthegameengine\thomasthegameengine\debug\window.obj
c:\users\thoma\documents\github\thomasthegameengine\thomasthegameengine\thomasthegameengine\debug\vector2.obj
c:\users\thoma\documents\github\thomasthegameengine\thomasthegameengine\thomasthegameengine\debug\vbo.obj
c:\users\thoma\documents\github\thomasthegameengine\thomasthegameengine\thomasthegameengine\debug\vao.obj
c:\users\thoma\documents\github\thomasthegameengine\thomasthegameengine\thomasthegameengine\debug\texture.obj
c:\users\thoma\documents\github\thomasthegameengine\thomasthegameengine\thomasthegameengine\debug\shapes.obj
c:\users\thoma\documents\github\thomasthegameengine\thomasthegameengine\thomasthegameengine\debug\shaderprogram.obj
c:\users\thoma\documents\github\thomasthegameengine\thomasthegameengine\thomasthegameengine\debug\renderer.obj
c:\users\thoma\documents\github\thomasthegameengine\thomasthegameengine\thomasthegameengine\debug\inputmanager.obj
c:\users\thoma\documents\github\thomasthegameengine\thomasthegameengine\thomasthegameengine\debug\graphics.obj
c:\users\thoma\documents\github\thomasthegameengine\thomasthegameengine\thomasthegameengine\debug\game.obj
c:\users\thoma\documents\github\thomasthegameengine\thomasthegameengine\thomasthegameengine\debug\entitymanager.obj
c:\users\thoma\documents\github\thomasthegameengine\thomasthegameengine\thomasthegameengine\debug\entity.obj
c:\users\thoma\documents\github\thomasthegameengine\thomasthegameengine\thomasthegameengine\debug\ebo.obj
c:\users\thoma\documents\github\thomasthegameengine\thomasthegameengine\thomasthegameengine\debug\appmanager.obj
c:\users\thoma\documents\github\thomasthegameengine\thomasthegameengine\thomasthegameengine\debug\glad.obj
c:\users\thoma\documents\github\thomasthegameengine\thomasthegameengine\debug\thomasthegameengine.exe
c:\users\thoma\documents\github\thomasthegameengine\thomasthegameengine\thomasthegameengine\debug\thomasthegameengine.ilk
c:\users\thoma\documents\github\thomasthegameengine\thomasthegameengine\debug\thomasthegameengine.pdb
c:\users\thoma\documents\github\thomasthegameengine\thomasthegameengine\thomasthegameengine\debug\thomasth.2ec1733e.tlog\cl.command.1.tlog
c:\users\thoma\documents\github\thomasthegameengine\thomasthegameengine\thomasthegameengine\debug\thomasth.2ec1733e.tlog\cl.read.1.tlog
c:\users\thoma\documents\github\thomasthegameengine\thomasthegameengine\thomasthegameengine\debug\thomasth.2ec1733e.tlog\cl.write.1.tlog
c:\users\thoma\documents\github\thomasthegameengine\thomasthegameengine\thomasthegameengine\debug\thomasth.2ec1733e.tlog\link.command.1.tlog
c:\users\thoma\documents\github\thomasthegameengine\thomasthegameengine\thomasthegameengine\debug\thomasth.2ec1733e.tlog\link.read.1.tlog
c:\users\thoma\documents\github\thomasthegameengine\thomasthegameengine\thomasthegameengine\debug\thomasth.2ec1733e.tlog\link.write.1.tlog
